PRE  Order : [20(1)]
IN   Order : [20(1)]
POST Order : [20(1)]
Number of Nodes : 1
HEIGHT : 1

PRE  Order : 
IN   Order : 
POST Order : 
Number of Nodes : 0
HEIGHT : 0

PRE  Order : [20(1)]
IN   Order : [20(1)]
POST Order : [20(1)]
Number of Nodes : 1
HEIGHT : 1

Item 20 1
PRE  Order : [20(1)]
IN   Order : [20(1)]
POST Order : [20(1)]
Number of Nodes : 1
HEIGHT : 1

PRE  Order : [20(1)][10(2)]
IN   Order : [10(2)][20(1)]
POST Order : [10(2)][20(1)]
Number of Nodes : 2
HEIGHT : 2

Item 10 2
PRE  Order : [20(1)][10(2)]
IN   Order : [10(2)][20(1)]
POST Order : [10(2)][20(1)]
Number of Nodes : 2
HEIGHT : 2

PRE  Order : [20(1)][10(2)][40(3)]
IN   Order : [10(2)][20(1)][40(3)]
POST Order : [10(2)][40(3)][20(1)]
Number of Nodes : 3
HEIGHT : 2

PRE  Order : [20(1)][10(2)][6(4)][40(3)]
IN   Order : [6(4)][10(2)][20(1)][40(3)]
POST Order : [6(4)][10(2)][40(3)][20(1)]
Number of Nodes : 4
HEIGHT : 3

PRE  Order : [20(1)][10(2)][6(4)][15(5)][40(3)]
IN   Order : [6(4)][10(2)][15(5)][20(1)][40(3)]
POST Order : [6(4)][15(5)][10(2)][40(3)][20(1)]
Number of Nodes : 5
HEIGHT : 3

Item 10 2
PRE  Order : [20(1)][10(2)][6(4)][15(5)][40(3)]
IN   Order : [6(4)][10(2)][15(5)][20(1)][40(3)]
POST Order : [6(4)][15(5)][10(2)][40(3)][20(1)]
Number of Nodes : 5
HEIGHT : 3

PRE  Order : [20(1)][10(2)][6(4)][15(5)][40(3)][30(6)]
IN   Order : [6(4)][10(2)][15(5)][20(1)][30(6)][40(3)]
POST Order : [6(4)][15(5)][10(2)][30(6)][40(3)][20(1)]
Number of Nodes : 6
HEIGHT : 3

PRE  Order : [20(1)][10(2)][6(4)][2(7)][15(5)][40(3)][30(6)]
IN   Order : [2(7)][6(4)][10(2)][15(5)][20(1)][30(6)][40(3)]
POST Order : [2(7)][6(4)][15(5)][10(2)][30(6)][40(3)][20(1)]
Number of Nodes : 7
HEIGHT : 4

Key Exists
PRE  Order : [20(1)][10(2)][6(4)][2(7)][15(5)][40(3)][30(6)]
IN   Order : [2(7)][6(4)][10(2)][15(5)][20(1)][30(6)][40(3)]
POST Order : [2(7)][6(4)][15(5)][10(2)][30(6)][40(3)][20(1)]
Number of Nodes : 7
HEIGHT : 4

PRE  Order : [20(1)][10(2)][6(4)][2(7)][8(8)][15(5)][40(3)][30(6)]
IN   Order : [2(7)][6(4)][8(8)][10(2)][15(5)][20(1)][30(6)][40(3)]
POST Order : [2(7)][8(8)][6(4)][15(5)][10(2)][30(6)][40(3)][20(1)]
Number of Nodes : 8
HEIGHT : 4

PRE  Order : [20(1)][10(2)][6(4)][2(7)][8(8)][15(5)][40(3)][30(6)][25(9)]
IN   Order : [2(7)][6(4)][8(8)][10(2)][15(5)][20(1)][25(9)][30(6)][40(3)]
POST Order : [2(7)][8(8)][6(4)][15(5)][10(2)][25(9)][30(6)][40(3)][20(1)]
Number of Nodes : 9
HEIGHT : 4

Item 30 6
PRE  Order : [20(1)][10(2)][6(4)][2(7)][8(8)][15(5)][40(3)][30(6)][25(9)]
IN   Order : [2(7)][6(4)][8(8)][10(2)][15(5)][20(1)][25(9)][30(6)][40(3)]
POST Order : [2(7)][8(8)][6(4)][15(5)][10(2)][25(9)][30(6)][40(3)][20(1)]
Number of Nodes : 9
HEIGHT : 4

PRE  Order : [20(1)][10(2)][6(4)][2(7)][8(8)][15(5)][40(3)][30(6)][25(9)][35(10)]
IN   Order : [2(7)][6(4)][8(8)][10(2)][15(5)][20(1)][25(9)][30(6)][35(10)][40(3)]
POST Order : [2(7)][8(8)][6(4)][15(5)][10(2)][25(9)][35(10)][30(6)][40(3)][20(1)]
Number of Nodes : 10
HEIGHT : 4

PRE  Order : [20(1)][10(2)][6(4)][2(7)][8(8)][7(11)][15(5)][40(3)][30(6)][25(9)][35(10)]
IN   Order : [2(7)][6(4)][7(11)][8(8)][10(2)][15(5)][20(1)][25(9)][30(6)][35(10)][40(3)]
POST Order : [2(7)][7(11)][8(8)][6(4)][15(5)][10(2)][25(9)][35(10)][30(6)][40(3)][20(1)]
Number of Nodes : 11
HEIGHT : 5

PRE  Order : [20(1)][10(2)][6(4)][2(7)][8(8)][7(11)][15(5)][18(12)][40(3)][30(6)][25(9)][35(10)]
IN   Order : [2(7)][6(4)][7(11)][8(8)][10(2)][15(5)][18(12)][20(1)][25(9)][30(6)][35(10)][40(3)]
POST Order : [2(7)][7(11)][8(8)][6(4)][18(12)][15(5)][10(2)][25(9)][35(10)][30(6)][40(3)][20(1)]
Number of Nodes : 12
HEIGHT : 5

PRE  Order : [20(1)][10(2)][6(4)][2(7)][8(8)][15(5)][18(12)][40(3)][30(6)][25(9)][35(10)]
IN   Order : [2(7)][6(4)][8(8)][10(2)][15(5)][18(12)][20(1)][25(9)][30(6)][35(10)][40(3)]
POST Order : [2(7)][8(8)][6(4)][18(12)][15(5)][10(2)][25(9)][35(10)][30(6)][40(3)][20(1)]
Number of Nodes : 11
HEIGHT : 4

PRE  Order : [20(1)][10(2)][6(4)][2(7)][8(8)][7(13)][15(5)][18(12)][40(3)][30(6)][25(9)][35(10)]
IN   Order : [2(7)][6(4)][7(13)][8(8)][10(2)][15(5)][18(12)][20(1)][25(9)][30(6)][35(10)][40(3)]
POST Order : [2(7)][7(13)][8(8)][6(4)][18(12)][15(5)][10(2)][25(9)][35(10)][30(6)][40(3)][20(1)]
Number of Nodes : 12
HEIGHT : 5

PRE  Order : [20(1)][10(2)][6(4)][2(7)][8(8)][7(13)][15(5)][18(12)][40(3)][30(6)][25(9)]
IN   Order : [2(7)][6(4)][7(13)][8(8)][10(2)][15(5)][18(12)][20(1)][25(9)][30(6)][40(3)]
POST Order : [2(7)][7(13)][8(8)][6(4)][18(12)][15(5)][10(2)][25(9)][30(6)][40(3)][20(1)]
Number of Nodes : 11
HEIGHT : 5

PRE  Order : [20(1)][10(2)][6(4)][2(7)][8(8)][7(13)][15(5)][18(12)][40(3)][30(6)][25(9)][35(14)]
IN   Order : [2(7)][6(4)][7(13)][8(8)][10(2)][15(5)][18(12)][20(1)][25(9)][30(6)][35(14)][40(3)]
POST Order : [2(7)][7(13)][8(8)][6(4)][18(12)][15(5)][10(2)][25(9)][35(14)][30(6)][40(3)][20(1)]
Number of Nodes : 12
HEIGHT : 5

Cannot Delete, Non Existing Key
PRE  Order : [20(1)][10(2)][6(4)][2(7)][8(8)][7(13)][15(5)][18(12)][40(3)][30(6)][25(9)][35(14)]
IN   Order : [2(7)][6(4)][7(13)][8(8)][10(2)][15(5)][18(12)][20(1)][25(9)][30(6)][35(14)][40(3)]
POST Order : [2(7)][7(13)][8(8)][6(4)][18(12)][15(5)][10(2)][25(9)][35(14)][30(6)][40(3)][20(1)]
Number of Nodes : 12
HEIGHT : 5

Item 15 5
PRE  Order : [20(1)][10(2)][6(4)][2(7)][8(8)][7(13)][15(5)][18(12)][40(3)][30(6)][25(9)][35(14)]
IN   Order : [2(7)][6(4)][7(13)][8(8)][10(2)][15(5)][18(12)][20(1)][25(9)][30(6)][35(14)][40(3)]
POST Order : [2(7)][7(13)][8(8)][6(4)][18(12)][15(5)][10(2)][25(9)][35(14)][30(6)][40(3)][20(1)]
Number of Nodes : 12
HEIGHT : 5

PRE  Order : [20(1)][10(2)][6(4)][2(7)][8(8)][7(13)][15(5)][18(12)][30(6)][25(9)][35(14)]
IN   Order : [2(7)][6(4)][7(13)][8(8)][10(2)][15(5)][18(12)][20(1)][25(9)][30(6)][35(14)]
POST Order : [2(7)][7(13)][8(8)][6(4)][18(12)][15(5)][10(2)][25(9)][35(14)][30(6)][20(1)]
Number of Nodes : 11
HEIGHT : 5

Item 10 2
PRE  Order : [20(1)][10(2)][6(4)][2(7)][8(8)][7(13)][15(5)][18(12)][30(6)][25(9)][35(14)]
IN   Order : [2(7)][6(4)][7(13)][8(8)][10(2)][15(5)][18(12)][20(1)][25(9)][30(6)][35(14)]
POST Order : [2(7)][7(13)][8(8)][6(4)][18(12)][15(5)][10(2)][25(9)][35(14)][30(6)][20(1)]
Number of Nodes : 11
HEIGHT : 5

PRE  Order : [20(1)][10(2)][6(4)][2(7)][8(8)][7(13)][15(5)][18(12)][30(6)][25(9)][35(14)][40(15)]
IN   Order : [2(7)][6(4)][7(13)][8(8)][10(2)][15(5)][18(12)][20(1)][25(9)][30(6)][35(14)][40(15)]
POST Order : [2(7)][7(13)][8(8)][6(4)][18(12)][15(5)][10(2)][25(9)][40(15)][35(14)][30(6)][20(1)]
Number of Nodes : 12
HEIGHT : 5

Item 40 15
PRE  Order : [20(1)][10(2)][6(4)][2(7)][8(8)][7(13)][15(5)][18(12)][30(6)][25(9)][35(14)][40(15)]
IN   Order : [2(7)][6(4)][7(13)][8(8)][10(2)][15(5)][18(12)][20(1)][25(9)][30(6)][35(14)][40(15)]
POST Order : [2(7)][7(13)][8(8)][6(4)][18(12)][15(5)][10(2)][25(9)][40(15)][35(14)][30(6)][20(1)]
Number of Nodes : 12
HEIGHT : 5

PRE  Order : [20(1)][10(2)][6(4)][2(7)][8(8)][7(13)][18(12)][30(6)][25(9)][35(14)][40(15)]
IN   Order : [2(7)][6(4)][7(13)][8(8)][10(2)][18(12)][20(1)][25(9)][30(6)][35(14)][40(15)]
POST Order : [2(7)][7(13)][8(8)][6(4)][18(12)][10(2)][25(9)][40(15)][35(14)][30(6)][20(1)]
Number of Nodes : 11
HEIGHT : 5

Item 35 14
PRE  Order : [20(1)][10(2)][6(4)][2(7)][8(8)][7(13)][18(12)][30(6)][25(9)][35(14)][40(15)]
IN   Order : [2(7)][6(4)][7(13)][8(8)][10(2)][18(12)][20(1)][25(9)][30(6)][35(14)][40(15)]
POST Order : [2(7)][7(13)][8(8)][6(4)][18(12)][10(2)][25(9)][40(15)][35(14)][30(6)][20(1)]
Number of Nodes : 11
HEIGHT : 5

PRE  Order : [20(1)][10(2)][6(4)][2(7)][8(8)][7(13)][18(12)][15(16)][30(6)][25(9)][35(14)][40(15)]
IN   Order : [2(7)][6(4)][7(13)][8(8)][10(2)][15(16)][18(12)][20(1)][25(9)][30(6)][35(14)][40(15)]
POST Order : [2(7)][7(13)][8(8)][6(4)][15(16)][18(12)][10(2)][25(9)][40(15)][35(14)][30(6)][20(1)]
Number of Nodes : 12
HEIGHT : 5

PRE  Order : [20(1)][8(8)][6(4)][2(7)][7(13)][18(12)][15(16)][30(6)][25(9)][35(14)][40(15)]
IN   Order : [2(7)][6(4)][7(13)][8(8)][15(16)][18(12)][20(1)][25(9)][30(6)][35(14)][40(15)]
POST Order : [2(7)][7(13)][6(4)][15(16)][18(12)][8(8)][25(9)][40(15)][35(14)][30(6)][20(1)]
Number of Nodes : 11
HEIGHT : 4

Item 20 1
PRE  Order : [20(1)][8(8)][6(4)][2(7)][7(13)][18(12)][15(16)][30(6)][25(9)][35(14)][40(15)]
IN   Order : [2(7)][6(4)][7(13)][8(8)][15(16)][18(12)][20(1)][25(9)][30(6)][35(14)][40(15)]
POST Order : [2(7)][7(13)][6(4)][15(16)][18(12)][8(8)][25(9)][40(15)][35(14)][30(6)][20(1)]
Number of Nodes : 11
HEIGHT : 4

PRE  Order : [20(1)][8(8)][6(4)][2(7)][7(13)][18(12)][15(16)][10(17)][30(6)][25(9)][35(14)][40(15)]
IN   Order : [2(7)][6(4)][7(13)][8(8)][10(17)][15(16)][18(12)][20(1)][25(9)][30(6)][35(14)][40(15)]
POST Order : [2(7)][7(13)][6(4)][10(17)][15(16)][18(12)][8(8)][25(9)][40(15)][35(14)][30(6)][20(1)]
Number of Nodes : 12
HEIGHT : 5

Item 7 13
PRE  Order : [20(1)][8(8)][6(4)][2(7)][7(13)][18(12)][15(16)][10(17)][30(6)][25(9)][35(14)][40(15)]
IN   Order : [2(7)][6(4)][7(13)][8(8)][10(17)][15(16)][18(12)][20(1)][25(9)][30(6)][35(14)][40(15)]
POST Order : [2(7)][7(13)][6(4)][10(17)][15(16)][18(12)][8(8)][25(9)][40(15)][35(14)][30(6)][20(1)]
Number of Nodes : 12
HEIGHT : 5

PRE  Order : [18(12)][8(8)][6(4)][2(7)][7(13)][15(16)][10(17)][30(6)][25(9)][35(14)][40(15)]
IN   Order : [2(7)][6(4)][7(13)][8(8)][10(17)][15(16)][18(12)][25(9)][30(6)][35(14)][40(15)]
POST Order : [2(7)][7(13)][6(4)][10(17)][15(16)][8(8)][25(9)][40(15)][35(14)][30(6)][18(12)]
Number of Nodes : 11
HEIGHT : 4

Item 15 16
PRE  Order : [18(12)][8(8)][6(4)][2(7)][7(13)][15(16)][10(17)][30(6)][25(9)][35(14)][40(15)]
IN   Order : [2(7)][6(4)][7(13)][8(8)][10(17)][15(16)][18(12)][25(9)][30(6)][35(14)][40(15)]
POST Order : [2(7)][7(13)][6(4)][10(17)][15(16)][8(8)][25(9)][40(15)][35(14)][30(6)][18(12)]
Number of Nodes : 11
HEIGHT : 4

PRE  Order : [18(12)][8(8)][6(4)][2(7)][7(13)][15(16)][10(17)][30(6)][25(9)][20(18)][35(14)][40(15)]
IN   Order : [2(7)][6(4)][7(13)][8(8)][10(17)][15(16)][18(12)][20(18)][25(9)][30(6)][35(14)][40(15)]
POST Order : [2(7)][7(13)][6(4)][10(17)][15(16)][8(8)][20(18)][25(9)][40(15)][35(14)][30(6)][18(12)]
Number of Nodes : 12
HEIGHT : 4

Item 2 7
PRE  Order : [18(12)][8(8)][6(4)][2(7)][7(13)][15(16)][10(17)][30(6)][25(9)][20(18)][35(14)][40(15)]
IN   Order : [2(7)][6(4)][7(13)][8(8)][10(17)][15(16)][18(12)][20(18)][25(9)][30(6)][35(14)][40(15)]
POST Order : [2(7)][7(13)][6(4)][10(17)][15(16)][8(8)][20(18)][25(9)][40(15)][35(14)][30(6)][18(12)]
Number of Nodes : 12
HEIGHT : 4

